Build started 06/20/2014 16:09:00.
     1>Project "C:\Users\RamyadHadidi\documents\visual studio 2010\Projects\Nbody\Nbody\Nbody.vcxproj" on node 2 (build target(s)).
     1>InitializeBuildStatus:
         Touching "Release\Nbody.unsuccessfulbuild".
       AddCudaCompileDeps:
       Skipping target "AddCudaCompileDeps" because all output files are up-to-date with respect to the input files.
       AddCudaCompilePropsDeps:
       Skipping target "AddCudaCompilePropsDeps" because all output files are up-to-date with respect to the input files.
       CudaBuild:
       Skipping target "CudaBuild" because all output files are up-to-date with respect to the input files.
       ManifestResourceCompile:
         All outputs are up-to-date.
       Link:
         C:\Program Files (x86)\Microsoft Visual Studio 10.0\VC\bin\link.exe /ERRORREPORT:PROMPT /OUT:"C:\Users\RamyadHadidi\documents\visual studio 2010\Projects\Nbody\Release\Nbody.exe" /INCREMENTAL /NOLOGO /LIBPATH:"C:\Program Files\NVIDIA GPU Computing Toolkit\CUDA\v5.0\lib\Win32" cudart.lib kernel32.lib user32.lib gdi32.lib winspool.lib comdlg32.lib advapi32.lib shell32.lib ole32.lib oleaut32.lib uuid.lib odbc32.lib odbccp32.lib kernel32.lib user32.lib gdi32.lib winspool.lib comdlg32.lib advapi32.lib shell32.lib ole32.lib oleaut32.lib uuid.lib odbc32.lib odbccp32.lib /MANIFEST /ManifestFile:"Release\Nbody.exe.intermediate.manifest" /MANIFESTUAC:"level='asInvoker' uiAccess='false'" /DEBUG /PDB:"C:\Users\RamyadHadidi\documents\visual studio 2010\Projects\Nbody\Release\Nbody.pdb" /SUBSYSTEM:CONSOLE /OPT:REF /OPT:ICF /LTCG /TLBID:1 /DYNAMICBASE /NXCOMPAT /IMPLIB:"C:\Users\RamyadHadidi\documents\visual studio 2010\Projects\Nbody\Release\Nbody.lib" /MACHINE:X86 Release\kernel.cu.obj
         Release\Nbody.exe.embed.manifest.res
     1>LINK : warning LNK4075: ignoring '/INCREMENTAL' due to '/LTCG' specification
         LINK : /LTCG specified but no code generation required; remove /LTCG from the link command line to improve linker performance
       Manifest:
         C:\Program Files (x86)\Microsoft SDKs\Windows\v7.0A\bin\mt.exe /nologo /verbose /out:"Release\Nbody.exe.embed.manifest" /manifest Release\Nbody.exe.intermediate.manifest
         All outputs are up-to-date.
       LinkEmbedManifest:
         All outputs are up-to-date.
         Nbody.vcxproj -> C:\Users\RamyadHadidi\documents\visual studio 2010\Projects\Nbody\Release\Nbody.exe
       PostBuildEvent:
         echo copy "C:\Program Files\NVIDIA GPU Computing Toolkit\CUDA\v5.0\bin\cudart*.dll" "C:\Users\RamyadHadidi\documents\visual studio 2010\Projects\Nbody\Release\"
         copy "C:\Program Files\NVIDIA GPU Computing Toolkit\CUDA\v5.0\bin\cudart*.dll" "C:\Users\RamyadHadidi\documents\visual studio 2010\Projects\Nbody\Release\"
         :VCEnd
         copy "C:\Program Files\NVIDIA GPU Computing Toolkit\CUDA\v5.0\bin\cudart*.dll" "C:\Users\RamyadHadidi\documents\visual studio 2010\Projects\Nbody\Release\"
         C:\Program Files\NVIDIA GPU Computing Toolkit\CUDA\v5.0\bin\cudart32_50_35.dll
         C:\Program Files\NVIDIA GPU Computing Toolkit\CUDA\v5.0\bin\cudart64_50_35.dll
                 2 file(s) copied.
       FinalizeBuildStatus:
         Deleting file "Release\Nbody.unsuccessfulbuild".
         Touching "Release\Nbody.lastbuildstate".
     1>Done Building Project "C:\Users\RamyadHadidi\documents\visual studio 2010\Projects\Nbody\Nbody\Nbody.vcxproj" (build target(s)).

Build succeeded.

Time Elapsed 00:00:01.93
